[    0.000000] Linux version 4.15.0-194-generic (buildd@lcy02-amd64-052) (gcc version 7.5.0 (Ubuntu 7.5.0-3ubuntu1~18.04)) #205-Ubuntu SMP Fri Sep 16 19:49:27 UTC 2022 (Ubuntu 4.15.0-194.205-generic 4.15.18)
[    0.000000] Command line: BOOT_IMAGE=/boot/vmlinuz-4.15.0-194-generic root=LABEL=cloudimg-rootfs ro console=tty1 console=ttyS0
[    0.000000] KERNEL supported cpus:
[    0.000000]   Intel GenuineIntel
[    0.000000]   AMD AuthenticAMD
[    0.000000]   Centaur CentaurHauls
[    0.000000] x86/fpu: x87 FPU will use FXSAVE
[    0.000000] e820: BIOS-provided physical RAM map:
[    0.000000] BIOS-e820: [mem 0x0000000000000000-0x000000000009fbff] usable
[    0.000000] BIOS-e820: [mem 0x000000000009fc00-0x000000000009ffff] reserved
[    0.000000] BIOS-e820: [mem 0x00000000000f0000-0x00000000000fffff] reserved
[    0.000000] BIOS-e820: [mem 0x0000000000100000-0x000000007ffeffff] usable
[    0.000000] BIOS-e820: [mem 0x000000007fff0000-0x000000007fffffff] ACPI data
[    0.000000] BIOS-e820: [mem 0x00000000fec00000-0x00000000fec00fff] reserved
[    0.000000] BIOS-e820: [mem 0x00000000fee00000-0x00000000fee00fff] reserved
[    0.000000] BIOS-e820: [mem 0x00000000fffc0000-0x00000000ffffffff] reserved
[    0.000000] NX (Execute Disable) protection: active
[    0.000000] SMBIOS 2.5 present.
[    0.000000] DMI: innotek GmbH VirtualBox/VirtualBox, BIOS VirtualBox 12/01/2006
[    0.000000] Hypervisor detected: KVM
[    0.000000] e820: last_pfn = 0x7fff0 max_arch_pfn = 0x400000000
[    0.000000] MTRR: Disabled
[    0.000000] x86/PAT: MTRRs disabled, skipping PAT initialization too.
[    0.000000] CPU MTRRs all blank - virtualized system.
[    0.000000] x86/PAT: Configuration [0-7]: WB  WT  UC- UC  WB  WT  UC- UC  
[    0.000000] found SMP MP-table at [mem 0x0009fff0-0x0009ffff]
[    0.000000] Scanning 1 areas for low memory corruption
[    0.000000] RAMDISK: [mem 0x359cb000-0x36cdcfff]
[    0.000000] ACPI: Early table checksum verification disabled
[    0.000000] ACPI: RSDP 0x00000000000E0000 000024 (v02 VBOX  )
[    0.000000] ACPI: XSDT 0x000000007FFF0030 00003C (v01 VBOX   VBOXXSDT 00000001 ASL  00000061)
[    0.000000] ACPI: FACP 0x000000007FFF00F0 0000F4 (v04 VBOX   VBOXFACP 00000001 ASL  00000061)
[    0.000000] ACPI: DSDT 0x000000007FFF0470 002325 (v02 VBOX   VBOXBIOS 00000002 INTL 20100528)
[    0.000000] ACPI: FACS 0x000000007FFF0200 000040
[    0.000000] ACPI: FACS 0x000000007FFF0200 000040
[    0.000000] ACPI: APIC 0x000000007FFF0240 00005C (v02 VBOX   VBOXAPIC 00000001 ASL  00000061)
[    0.000000] ACPI: SSDT 0x000000007FFF02A0 0001CC (v01 VBOX   VBOXCPUT 00000002 INTL 20100528)
[    0.000000] ACPI: Reserving FACP table memory at [mem 0x7fff00f0-0x7fff01e3]
[    0.000000] ACPI: Reserving DSDT table memory at [mem 0x7fff0470-0x7fff2794]
[    0.000000] ACPI: Reserving FACS table memory at [mem 0x7fff0200-0x7fff023f]
[    0.000000] ACPI: Reserving FACS table memory at [mem 0x7fff0200-0x7fff023f]
[    0.000000] ACPI: Reserving APIC table memory at [mem 0x7fff0240-0x7fff029b]
[    0.000000] ACPI: Reserving SSDT table memory at [mem 0x7fff02a0-0x7fff046b]
[    0.000000] No NUMA configuration found
[    0.000000] Faking a node at [mem 0x0000000000000000-0x000000007ffeffff]
[    0.000000] NODE_DATA(0) allocated [mem 0x7ffc5000-0x7ffeffff]
[    0.000000] kvm-clock: cpu 0, msr 0:7ff44001, primary cpu clock
[    0.000000] kvm-clock: Using msrs 4b564d01 and 4b564d00
[    0.000000] kvm-clock: using sched offset of 4400922911 cycles
[    0.000000] clocksource: kvm-clock: mask: 0xffffffffffffffff max_cycles: 0x1cd42e4dffb, max_idle_ns: 881590591483 ns
[    0.000000] Zone ranges:
[    0.000000]   DMA      [mem 0x0000000000001000-0x0000000000ffffff]
[    0.000000]   DMA32    [mem 0x0000000001000000-0x000000007ffeffff]
[    0.000000]   Normal   empty
[    0.000000]   Device   empty
[    0.000000] Movable zone start for each node
[    0.000000] Early memory node ranges
[    0.000000]   node   0: [mem 0x0000000000001000-0x000000000009efff]
[    0.000000]   node   0: [mem 0x0000000000100000-0x000000007ffeffff]
[    0.000000] Reserved but unavailable: 104 pages
[    0.000000] Initmem setup node 0 [mem 0x0000000000001000-0x000000007ffeffff]
[    0.000000] ACPI: PM-Timer IO Port: 0x4008
[    0.000000] IOAPIC[0]: apic_id 2, version 32, address 0xfec00000, GSI 0-23
[    0.000000] ACPI: INT_SRC_OVR (bus 0 bus_irq 0 global_irq 2 dfl dfl)
[    0.000000] ACPI: INT_SRC_OVR (bus 0 bus_irq 9 global_irq 9 low level)
[    0.000000] Using ACPI (MADT) for SMP configuration information
[    0.000000] smpboot: Allowing 2 CPUs, 0 hotplug CPUs
[    0.000000] PM: Registered nosave memory: [mem 0x00000000-0x00000fff]
[    0.000000] PM: Registered nosave memory: [mem 0x0009f000-0x0009ffff]
[    0.000000] PM: Registered nosave memory: [mem 0x000a0000-0x000effff]
[    0.000000] PM: Registered nosave memory: [mem 0x000f0000-0x000fffff]
[    0.000000] e820: [mem 0x80000000-0xfebfffff] available for PCI devices
[    0.000000] Booting paravirtualized kernel on KVM
[    0.000000] clocksource: refined-jiffies: mask: 0xffffffff max_cycles: 0xffffffff, max_idle_ns: 7645519600211568 ns
[    0.000000] setup_percpu: NR_CPUS:8192 nr_cpumask_bits:2 nr_cpu_ids:2 nr_node_ids:1
[    0.000000] percpu: Embedded 50 pages/cpu s167936 r8192 d28672 u1048576
[    0.000000] PV qspinlock hash table entries: 256 (order: 0, 4096 bytes)
[    0.000000] Built 1 zonelists, mobility grouping on.  Total pages: 515961
[    0.000000] Policy zone: DMA32
[    0.000000] Kernel command line: BOOT_IMAGE=/boot/vmlinuz-4.15.0-194-generic root=LABEL=cloudimg-rootfs ro console=tty1 console=ttyS0
[    0.000000] Memory: 2014844K/2096696K available (12300K kernel code, 2477K rwdata, 4320K rodata, 2472K init, 2720K bss, 81852K reserved, 0K cma-reserved)
[    0.000000] SLUB: HWalign=64, Order=0-3, MinObjects=0, CPUs=2, Nodes=1
[    0.000000] ftrace: allocating 39477 entries in 155 pages
[    0.004000] Hierarchical RCU implementation.
[    0.004000] 	RCU restricting CPUs from NR_CPUS=8192 to nr_cpu_ids=2.
[    0.004000] 	Tasks RCU enabled.
[    0.004000] RCU: Adjusting geometry for rcu_fanout_leaf=16, nr_cpu_ids=2
[    0.004000] NR_IRQS: 524544, nr_irqs: 440, preallocated irqs: 16
[    0.004000] Console: colour VGA+ 80x25
[    0.004000] console [tty1] enabled
[    0.004000] console [ttyS0] enabled
[    0.004000] ACPI: Core revision 20170831
[    0.004000] ACPI: 2 ACPI AML tables successfully acquired and loaded
[    0.004000] APIC: Switch to symmetric I/O mode setup
[    0.004000] ..TIMER: vector=0x30 apic1=0 pin1=2 apic2=-1 pin2=-1
[    0.004006] tsc: Detected 2304.004 MHz processor
[    0.008010] Calibrating delay loop (skipped) preset value.. 4608.00 BogoMIPS (lpj=9216016)
[    0.012003] pid_max: default: 32768 minimum: 301
[    0.016149] Security Framework initialized
[    0.024005] Yama: becoming mindful.
[    0.028094] AppArmor: AppArmor initialized
[    0.040000] Dentry cache hash table entries: 262144 (order: 9, 2097152 bytes)
[    0.047594] Inode-cache hash table entries: 131072 (order: 8, 1048576 bytes)
[    0.048166] Mount-cache hash table entries: 4096 (order: 3, 32768 bytes)
[    0.052115] Mountpoint-cache hash table entries: 4096 (order: 3, 32768 bytes)
[    0.057676] Last level iTLB entries: 4KB 64, 2MB 8, 4MB 8
[    0.060003] Last level dTLB entries: 4KB 64, 2MB 0, 4MB 0, 1GB 4
[    0.064004] Spectre V1 : Mitigation: usercopy/swapgs barriers and __user pointer sanitization
[    0.068003] Spectre V2 : Mitigation: Enhanced IBRS
[    0.072002] Spectre V2 : Spectre v2 / SpectreRSB mitigation: Filling RSB on context switch
[    0.076002] Speculative Store Bypass: Vulnerable
[    0.080055] MMIO Stale Data: Vulnerable: Clear CPU buffers attempted, no microcode
[    0.084169] Freeing SMP alternatives memory: 36K
[    0.203080] smpboot: CPU0: Intel(R) Core(TM) i7-10510U CPU @ 1.80GHz (family: 0x6, model: 0x8e, stepping: 0xc)
[    0.204576] Performance Events: unsupported p6 CPU model 142 no PMU driver, software events only.
[    0.208125] Hierarchical SRCU implementation.
[    0.212979] NMI watchdog: Perf event create on CPU 0 failed with -2
[    0.216002] NMI watchdog: Perf NMI watchdog permanently disabled
[    0.220194] smp: Bringing up secondary CPUs ...
[    0.225015] x86: Booting SMP configuration:
[    0.228091] .... node  #0, CPUs:      #1
[    0.004000] kvm-clock: cpu 1, msr 0:7ff44041, secondary cpu clock
[    0.247667] TSC synchronization [CPU#0 -> CPU#1]:
[    0.248000] Measured 82025 cycles TSC warp between CPUs, turning off TSC clock.
[    0.248000] tsc: Marking TSC unstable due to check_tsc_sync_source failed
[    0.256310] smp: Brought up 1 node, 2 CPUs
[    0.260007] smpboot: Max logical packages: 1
[    0.264004] smpboot: Total of 2 processors activated (9216.01 BogoMIPS)
[    0.268713] devtmpfs: initialized
[    0.272112] x86/mm: Memory block size: 128MB
[    0.276563] evm: security.selinux
[    0.280003] evm: security.SMACK64
[    0.284002] evm: security.SMACK64EXEC
[    0.288002] evm: security.SMACK64TRANSMUTE
[    0.292002] evm: security.SMACK64MMAP
[    0.295249] evm: security.apparmor
[    0.296002] evm: security.ima
[    0.300006] evm: security.capability
[    0.304490] clocksource: jiffies: mask: 0xffffffff max_cycles: 0xffffffff, max_idle_ns: 7645041785100000 ns
[    0.308008] futex hash table entries: 512 (order: 3, 32768 bytes)
[    0.312189] pinctrl core: initialized pinctrl subsystem
[    0.316610] RTC time:  7:47:42, date: 11/15/22
[    0.321341] NET: Registered protocol family 16
[    0.324176] audit: initializing netlink subsys (disabled)
[    0.328206] audit: type=2000 audit(1668498467.604:1): state=initialized audit_enabled=0 res=1
[    0.340006] cpuidle: using governor ladder
[    0.344008] cpuidle: using governor menu
[    0.348048] ACPI: bus type PCI registered
[    0.351561] acpiphp: ACPI Hot Plug PCI Controller Driver version: 0.5
[    0.352505] PCI: Using configuration type 1 for base access
[    0.364515] HugeTLB registered 2.00 MiB page size, pre-allocated 0 pages
[    0.372505] ACPI: Added _OSI(Module Device)
[    0.376007] ACPI: Added _OSI(Processor Device)
[    0.380002] ACPI: Added _OSI(3.0 _SCP Extensions)
[    0.384002] ACPI: Added _OSI(Processor Aggregator Device)
[    0.388010] ACPI: Added _OSI(Linux-Dell-Video)
[    0.392003] ACPI: Added _OSI(Linux-Lenovo-NV-HDMI-Audio)
[    0.396003] ACPI: Added _OSI(Linux-HPI-Hybrid-Graphics)
[    0.400931] ACPI: Executed 1 blocks of module-level executable AML code
[    0.413154] ACPI: Interpreter enabled
[    0.416015] ACPI: (supports S0 S5)
[    0.419439] ACPI: Using IOAPIC for interrupt routing
[    0.420437] PCI: Using host bridge windows from ACPI; if necessary, use "pci=nocrs" and report a bug
[    0.424264] ACPI: Enabled 2 GPEs in block 00 to 07
[    0.440000] ACPI: PCI Root Bridge [PCI0] (domain 0000 [bus 00-ff])
[    0.440007] acpi PNP0A03:00: _OSC: OS supports [ASPM ClockPM Segments MSI]
[    0.448618] acpi PNP0A03:00: _OSC: not requesting OS control; OS requires [ExtendedConfig ASPM ClockPM MSI]
[    0.452023] acpi PNP0A03:00: fail to add MMCONFIG information, can't access extended PCI configuration space under this bridge.
[    0.460148] PCI host bridge to bus 0000:00
[    0.463577] pci_bus 0000:00: root bus resource [io  0x0000-0x0cf7 window]
[    0.464004] pci_bus 0000:00: root bus resource [io  0x0d00-0xffff window]
[    0.472016] pci_bus 0000:00: root bus resource [mem 0x000a0000-0x000bffff window]
[    0.476015] pci_bus 0000:00: root bus resource [mem 0x80000000-0xfdffffff window]
[    0.480009] pci_bus 0000:00: root bus resource [bus 00-ff]
[    0.497446] pci 0000:00:01.1: legacy IDE quirk: reg 0x10: [io  0x01f0-0x01f7]
[    0.500009] pci 0000:00:01.1: legacy IDE quirk: reg 0x14: [io  0x03f6]
[    0.504011] pci 0000:00:01.1: legacy IDE quirk: reg 0x18: [io  0x0170-0x0177]
[    0.508012] pci 0000:00:01.1: legacy IDE quirk: reg 0x1c: [io  0x0376]
[    0.550587] pci 0000:00:07.0: quirk: [io  0x4000-0x403f] claimed by PIIX4 ACPI
[    0.552069] pci 0000:00:07.0: quirk: [io  0x4100-0x410f] claimed by PIIX4 SMB
[    0.584673] ACPI: PCI Interrupt Link [LNKA] (IRQs 5 9 10 *11)
[    0.589017] ACPI: PCI Interrupt Link [LNKB] (IRQs 5 9 *10 11)
[    0.592425] ACPI: PCI Interrupt Link [LNKC] (IRQs 5 *9 10 11)
[    0.596337] ACPI: PCI Interrupt Link [LNKD] (IRQs 5 9 10 *11)
[    0.601154] SCSI subsystem initialized
[    0.604278] pci 0000:00:02.0: vgaarb: setting as boot VGA device
[    0.608000] pci 0000:00:02.0: vgaarb: VGA device added: decodes=io+mem,owns=io+mem,locks=none
[    0.608006] pci 0000:00:02.0: vgaarb: bridge control possible
[    0.612003] vgaarb: loaded
[    0.614473] ACPI: bus type USB registered
[    0.616043] usbcore: registered new interface driver usbfs
[    0.620013] usbcore: registered new interface driver hub
[    0.624012] usbcore: registered new device driver usb
[    0.628330] EDAC MC: Ver: 3.0.0
[    0.636418] PCI: Using ACPI for IRQ routing
[    0.641034] NetLabel: Initializing
[    0.644003] NetLabel:  domain hash size = 128
[    0.648005] NetLabel:  protocols = UNLABELED CIPSOv4 CALIPSO
[    0.652027] NetLabel:  unlabeled traffic allowed by default
[    0.656230] clocksource: Switched to clocksource kvm-clock
[    0.665350] VFS: Disk quotas dquot_6.6.0
[    0.665350] VFS: Dquot-cache hash table entries: 512 (order 0, 4096 bytes)
[    0.665350] AppArmor: AppArmor Filesystem Enabled
[    0.665350] pnp: PnP ACPI init
[    0.665350] pnp: PnP ACPI: found 3 devices
[    0.809373] clocksource: acpi_pm: mask: 0xffffff max_cycles: 0xffffff, max_idle_ns: 2085701024 ns
[    0.812365] NET: Registered protocol family 2
[    0.812365] IP idents hash table entries: 32768 (order: 6, 262144 bytes)
[    0.831260] TCP established hash table entries: 16384 (order: 5, 131072 bytes)
[    0.839098] TCP bind hash table entries: 16384 (order: 6, 262144 bytes)
[    0.842546] TCP: Hash tables configured (established 16384 bind 16384)
[    0.842546] UDP hash table entries: 1024 (order: 3, 32768 bytes)
[    0.842546] UDP-Lite hash table entries: 1024 (order: 3, 32768 bytes)
[    0.842546] NET: Registered protocol family 1
[    0.842546] pci 0000:00:00.0: Limiting direct PCI/PCI transfers
[    0.842546] pci 0000:00:01.0: Activating ISA DMA hang workarounds
[    0.842546] pci 0000:00:02.0: Video device with shadowed ROM at [mem 0x000c0000-0x000dffff]
[    0.842546] Unpacking initramfs...
[    1.407809] Freeing initrd memory: 19528K
[    1.416469] clocksource: tsc: mask: 0xffffffffffffffff max_cycles: 0x2135fb8e938, max_idle_ns: 440795220508 ns
[    1.429106] platform rtc_cmos: registered platform RTC device (no PNP device found)
[    1.437496] Scanning for low memory corruption every 60 seconds
[    1.447234] Initialise system trusted keyrings
[    1.452984] Key type blacklist registered
[    1.458580] workingset: timestamp_bits=36 max_order=19 bucket_order=0
[    1.469126] zbud: loaded
[    1.473251] squashfs: version 4.0 (2009/01/31) Phillip Lougher
[    1.479603] fuse init (API version 7.26)
[    1.523191] Key type asymmetric registered
[    1.528359] Asymmetric key parser 'x509' registered
[    1.533403] Block layer SCSI generic (bsg) driver version 0.4 loaded (major 246)
[    1.541621] io scheduler noop registered
[    1.546783] io scheduler deadline registered
[    1.552958] io scheduler cfq registered (default)
[    1.562573] ACPI: AC Adapter [AC] (on-line)
[    1.568607] input: Power Button as /devices/LNXSYSTM:00/LNXPWRBN:00/input/input0
[    1.578099] ACPI: Power Button [PWRF]
[    1.582870] input: Sleep Button as /devices/LNXSYSTM:00/LNXSLPBN:00/input/input1
[    1.592418] ACPI: Sleep Button [SLPF]
[    1.601059] Serial: 8250/16550 driver, 32 ports, IRQ sharing enabled
[    1.601286] ACPI: Battery Slot [BAT0] (battery present)
[    1.657109] 00:02: ttyS0 at I/O 0x3f8 (irq = 4, base_baud = 115200) is a 16550A
[    1.676213] Linux agpgart interface v0.103
[    1.688340] loop: module loaded
[    1.695867] scsi host0: ata_piix
[    1.701625] scsi host1: ata_piix
[    1.705735] ata1: PATA max UDMA/33 cmd 0x1f0 ctl 0x3f6 bmdma 0xd000 irq 14
[    1.712192] ata2: PATA max UDMA/33 cmd 0x170 ctl 0x376 bmdma 0xd008 irq 15
[    1.721952] tun: Universal TUN/TAP device driver, 1.6
[    1.729397] PPP generic driver version 2.4.2
[    1.735836] ehci_hcd: USB 2.0 'Enhanced' Host Controller (EHCI) Driver
[    1.745039] ehci-pci: EHCI PCI platform driver
[    1.751204] ehci-platform: EHCI generic platform driver
[    1.757974] ohci_hcd: USB 1.1 'Open' Host Controller (OHCI) Driver
[    1.766697] ohci-pci: OHCI PCI platform driver
[    1.773305] ohci-platform: OHCI generic platform driver
[    1.780894] uhci_hcd: USB Universal Host Controller Interface driver
[    1.789034] i8042: PNP: PS/2 Controller [PNP0303:PS2K,PNP0f03:PS2M] at 0x60,0x64 irq 1,12
[    1.801066] serio: i8042 KBD port at 0x60,0x64 irq 1
[    1.807188] serio: i8042 AUX port at 0x60,0x64 irq 12
[    1.813030] mousedev: PS/2 mouse device common for all mice
[    1.820868] input: AT Translated Set 2 keyboard as /devices/platform/i8042/serio0/input/input2
[    1.821369] rtc_cmos rtc_cmos: rtc core: registered rtc_cmos as rtc0
[    1.837359] rtc_cmos rtc_cmos: alarms up to one day, 114 bytes nvram
[    1.843719] i2c /dev entries driver
[    1.847510] device-mapper: uevent: version 1.0.3
[    1.852410] device-mapper: ioctl: 4.37.0-ioctl (2017-09-20) initialised: dm-devel@redhat.com
[    1.860692] ledtrig-cpu: registered to indicate activity on CPUs
[    1.869233] NET: Registered protocol family 10
[    1.920905] Segment Routing with IPv6
[    1.926447] NET: Registered protocol family 17
[    1.932534] Key type dns_resolver registered
[    1.952281] mce: Using 0 MCE banks
[    1.956499] RAS: Correctable Errors collector initialized.
[    1.961894] sched_clock: Marking stable (1961845386, 0)->(2945408742, -983563356)
[    1.973561] registered taskstats version 1
[    1.978664] Loading compiled-in X.509 certificates
[    1.989462] Loaded X.509 cert 'Build time autogenerated kernel key: 6303a3b02fa1c7713b8a75ba7ba622fabd5dd271'
[    2.000925] Loaded X.509 cert 'Canonical Ltd. Live Patch Signing: 14df34d1a87cf37625abec039ef2bf521249b969'
[    2.012105] Loaded X.509 cert 'Canonical Ltd. Kernel Module Signing: 88f752e560a1e0737e31163a466ad7b70a850c19'
[    2.021595] blacklist: Loading compiled-in revocation X.509 certificates
[    2.028156] Loaded X.509 cert 'Canonical Ltd. Secure Boot Signing: 61482aa2830d0ab2ad5af10b7250da9033ddcef0'
[    2.037236] zswap: loaded using pool lzo/zbud
[    2.052877] Key type big_key registered
[    2.057181] Key type trusted registered
[    2.065187] Key type encrypted registered
[    2.070410] AppArmor: AppArmor sha1 policy hashing enabled
[    2.076772] ima: No TPM chip found, activating TPM-bypass! (rc=-19)
[    2.083004] ima: Allocated hash algorithm: sha1
[    2.087933] evm: HMAC attrs: 0x1
[    2.093562]   Magic number: 14:135:774
[    2.098823] mem zero: hash matches
[    2.105202] rtc_cmos rtc_cmos: setting system clock to 2022-11-15 07:47:44 UTC (1668498464)
[    2.116853] BIOS EDD facility v0.16 2004-Jun-25, 0 devices found
[    2.125543] EDD information not available.
[    2.135137] Freeing unused kernel image memory: 2472K
[    2.157971] Write protecting the kernel read-only data: 20480k
[    2.168407] Freeing unused kernel image memory: 2008K
[    2.177332] Freeing unused kernel image memory: 1824K
[    2.196414] x86/mm: Checked W+X mappings: passed, no W+X pages found.
Loading, please wait...
starting version 237
[    2.354737] e1000: Intel(R) PRO/1000 Network Driver - version 7.3.21-k8-NAPI
[    2.364262] e1000: Copyright (c) 1999-2006 Intel Corporation.
[    2.380970] Fusion MPT base driver 3.04.20
[    2.387223] Copyright (c) 1999-2008 LSI Corporation
[    2.445674] Fusion MPT SPI Host driver 3.04.20
[    2.636782] input: ImExPS/2 Generic Explorer Mouse as /devices/platform/i8042/serio1/input/input4
[    3.238357] e1000 0000:00:03.0 eth0: (PCI:33MHz:32-bit) 02:d4:40:b8:a4:a0
[    3.249457] e1000 0000:00:03.0 eth0: Intel(R) PRO/1000 Network Connection
[    3.265172] mptbase: ioc0: Initiating bringup
[    3.377467] ioc0: LSI53C1030 A0: Capabilities={Initiator}
[    3.655493] scsi host2: ioc0: LSI53C1030 A0, FwRev=00000000h, Ports=1, MaxQ=256, IRQ=20
[    3.838215] scsi 2:0:0:0: Direct-Access     VBOX     HARDDISK         1.0  PQ: 0 ANSI: 5
[    3.895712] scsi target2:0:0: Beginning Domain Validation
[    3.917277] scsi target2:0:0: Domain Validation skipping write tests
[    3.928646] scsi target2:0:0: Ending Domain Validation
[    3.937275] scsi target2:0:0: asynchronous
[    3.946896] scsi 2:0:1:0: Direct-Access     VBOX     HARDDISK         1.0  PQ: 0 ANSI: 5
[    4.204252] scsi target2:0:1: Beginning Domain Validation
[    4.218259] scsi target2:0:1: Domain Validation skipping write tests
[    4.225241] scsi target2:0:1: Ending Domain Validation
[    4.231314] scsi target2:0:1: asynchronous
[    4.254517] sd 2:0:0:0: [sda] 83886080 512-byte logical blocks: (42.9 GB/40.0 GiB)
[    4.264756] sd 2:0:0:0: Attached scsi generic sg0 type 0
[    4.272664] sd 2:0:0:0: [sda] Write Protect is off
[    4.281024] sd 2:0:1:0: [sdb] 20480 512-byte logical blocks: (10.5 MB/10.0 MiB)
[    4.290067] sd 2:0:1:0: Attached scsi generic sg1 type 0
[    4.298341] sd 2:0:1:0: [sdb] Write Protect is off
[    4.305079] sd 2:0:0:0: [sda] Incomplete mode parameter data
[    4.312187] sd 2:0:0:0: [sda] Assuming drive cache: write through
[    4.320963] sd 2:0:1:0: [sdb] Incomplete mode parameter data
[    4.327747] sd 2:0:1:0: [sdb] Assuming drive cache: write through
[    4.339468]  sda: sda1
[    4.346961] sd 2:0:0:0: [sda] Attached SCSI disk
[    4.358445] sd 2:0:1:0: [sdb] Attached SCSI disk
[    4.691923] e1000 0000:00:08.0 eth1: (PCI:33MHz:32-bit) 08:00:27:9e:0f:af
[    4.699924] e1000 0000:00:08.0 eth1: Intel(R) PRO/1000 Network Connection
[    5.482948] e1000 0000:00:09.0 eth2: (PCI:33MHz:32-bit) 08:00:27:0f:b7:1d
[    5.493249] e1000 0000:00:09.0 eth2: Intel(R) PRO/1000 Network Connection
[    5.505845] e1000 0000:00:03.0 enp0s3: renamed from eth0
